Starting audit...
[ERROR] F:\ADS2\6023_ADS2\ADS2-assignments\md2\testing_percolation\DepthFirstPaths.java:1: Using the '.*' form of import should be avoided - java.util.*. [AvoidStarImport]
[ERROR] F:\ADS2\6023_ADS2\ADS2-assignments\md2\testing_percolation\DepthFirstPaths.java:2: Missing a Javadoc comment. [JavadocType]
[ERROR] F:\ADS2\6023_ADS2\ADS2-assignments\md2\testing_percolation\DepthFirstPaths.java:3:5: Missing a Javadoc comment. [JavadocVariable]
[ERROR] F:\ADS2\6023_ADS2\ADS2-assignments\md2\testing_percolation\DepthFirstPaths.java:4:5: Missing a Javadoc comment. [JavadocVariable]
[ERROR] F:\ADS2\6023_ADS2\ADS2-assignments\md2\testing_percolation\DepthFirstPaths.java:5:5: Missing a Javadoc comment. [JavadocVariable]
[ERROR] F:\ADS2\6023_ADS2\ADS2-assignments\md2\testing_percolation\DepthFirstPaths.java:8: Line is longer than 80 characters (found 83). [LineLength]
[ERROR] F:\ADS2\6023_ADS2\ADS2-assignments\md2\testing_percolation\DepthFirstPaths.java:13:28: Parameter G should be final. [FinalParameters]
[ERROR] F:\ADS2\6023_ADS2\ADS2-assignments\md2\testing_percolation\DepthFirstPaths.java:13:34: Name 'G' must match pattern '^[a-z][a-zA-Z0-9]*$'. [ParameterName]
[ERROR] F:\ADS2\6023_ADS2\ADS2-assignments\md2\testing_percolation\DepthFirstPaths.java:13:37: Parameter s should be final. [FinalParameters]
[ERROR] F:\ADS2\6023_ADS2\ADS2-assignments\md2\testing_percolation\DepthFirstPaths.java:13:41: 's' hides a field. [HiddenField]
[ERROR] F:\ADS2\6023_ADS2\ADS2-assignments\md2\testing_percolation\DepthFirstPaths.java:22:5: Missing a Javadoc comment. [JavadocMethod]
[ERROR] F:\ADS2\6023_ADS2\ADS2-assignments\md2\testing_percolation\DepthFirstPaths.java:22:22: Parameter G should be final. [FinalParameters]
[ERROR] F:\ADS2\6023_ADS2\ADS2-assignments\md2\testing_percolation\DepthFirstPaths.java:22:28: Name 'G' must match pattern '^[a-z][a-zA-Z0-9]*$'. [ParameterName]
[ERROR] F:\ADS2\6023_ADS2\ADS2-assignments\md2\testing_percolation\DepthFirstPaths.java:22:31: Parameter v should be final. [FinalParameters]
[ERROR] F:\ADS2\6023_ADS2\ADS2-assignments\md2\testing_percolation\DepthFirstPaths.java:38:30: Parameter v should be final. [FinalParameters]
[ERROR] F:\ADS2\6023_ADS2\ADS2-assignments\md2\testing_percolation\DepthFirstPaths.java:44:5: Missing a Javadoc comment. [JavadocMethod]
[ERROR] F:\ADS2\6023_ADS2\ADS2-assignments\md2\testing_percolation\DepthFirstPaths.java:44:33: Parameter v should be final. [FinalParameters]
[ERROR] F:\ADS2\6023_ADS2\ADS2-assignments\md2\testing_percolation\DepthFirstPaths.java:45:13: Name 'V' must match pattern '^[a-z][a-zA-Z0-9]*$'. [LocalVariableName]
[ERROR] F:\ADS2\6023_ADS2\ADS2-assignments\md2\testing_percolation\DepthFirstPaths.java:46: 'if' construct must use '{}'s. [NeedBraces]
[ERROR] F:\ADS2\6023_ADS2\ADS2-assignments\md2\testing_percolation\DepthFirstPaths.java:47: Line is longer than 80 characters (found 97). [LineLength]
[ERROR] F:\ADS2\6023_ADS2\ADS2-assignments\md2\testing_percolation\DepthFirstPaths.java:47:93: '-' is not preceded with whitespace. [WhitespaceAround]
[ERROR] F:\ADS2\6023_ADS2\ADS2-assignments\md2\testing_percolation\DepthFirstPaths.java:47:94: '-' is not followed by whitespace. [WhitespaceAround]
Audit done.
Checkstyle ends with 22 errors.
Starting audit...
[ERROR] F:\ADS2\6023_ADS2\ADS2-assignments\md2\testing_percolation\graph.java:5: Missing a Javadoc comment. [JavadocType]
[ERROR] F:\ADS2\6023_ADS2\ADS2-assignments\md2\testing_percolation\graph.java:5:14: Name 'graph' must match pattern '^[A-Z][a-zA-Z0-9]*$'. [TypeName]
[ERROR] F:\ADS2\6023_ADS2\ADS2-assignments\md2\testing_percolation\graph.java:6:5: Missing a Javadoc comment. [JavadocVariable]
[ERROR] F:\ADS2\6023_ADS2\ADS2-assignments\md2\testing_percolation\graph.java:8:5: Missing a Javadoc comment. [JavadocVariable]
[ERROR] F:\ADS2\6023_ADS2\ADS2-assignments\md2\testing_percolation\graph.java:8:23: Name 'V' must match pattern '^[a-z][a-zA-Z0-9]*$'. [MemberName]
[ERROR] F:\ADS2\6023_ADS2\ADS2-assignments\md2\testing_percolation\graph.java:9:5: Missing a Javadoc comment. [JavadocVariable]
[ERROR] F:\ADS2\6023_ADS2\ADS2-assignments\md2\testing_percolation\graph.java:9:17: Name 'E' must match pattern '^[a-z][a-zA-Z0-9]*$'. [MemberName]
[ERROR] F:\ADS2\6023_ADS2\ADS2-assignments\md2\testing_percolation\graph.java:10:5: Missing a Javadoc comment. [JavadocVariable]
[ERROR] F:\ADS2\6023_ADS2\ADS2-assignments\md2\testing_percolation\graph.java:13:5: Missing a Javadoc comment. [JavadocMethod]
[ERROR] F:\ADS2\6023_ADS2\ADS2-assignments\md2\testing_percolation\graph.java:13:18: Parameter V should be final. [FinalParameters]
[ERROR] F:\ADS2\6023_ADS2\ADS2-assignments\md2\testing_percolation\graph.java:13:22: 'V' hides a field. [HiddenField]
[ERROR] F:\ADS2\6023_ADS2\ADS2-assignments\md2\testing_percolation\graph.java:13:22: Name 'V' must match pattern '^[a-z][a-zA-Z0-9]*$'. [ParameterName]
[ERROR] F:\ADS2\6023_ADS2\ADS2-assignments\md2\testing_percolation\graph.java:14: 'if' construct must use '{}'s. [NeedBraces]
[ERROR] F:\ADS2\6023_ADS2\ADS2-assignments\md2\testing_percolation\graph.java:21:5: Class 'graph' looks like designed for extension (can be subclassed), but the method 'V' does not have javadoc that explains how to do that safely. If class is not designed for extension consider making the class 'graph' final or making the method 'V' static/final/abstract/empty, or adding allowed annotation for the method. [DesignForExtension]
[ERROR] F:\ADS2\6023_ADS2\ADS2-assignments\md2\testing_percolation\graph.java:21:16: Name 'V' must match pattern '^[a-z][a-zA-Z0-9]*$'. [MethodName]
[ERROR] F:\ADS2\6023_ADS2\ADS2-assignments\md2\testing_percolation\graph.java:21:20: '{' at column 20 should have line break after. [LeftCurly]
[ERROR] F:\ADS2\6023_ADS2\ADS2-assignments\md2\testing_percolation\graph.java:22:5: Class 'graph' looks like designed for extension (can be subclassed), but the method 'E' does not have javadoc that explains how to do that safely. If class is not designed for extension consider making the class 'graph' final or making the method 'E' static/final/abstract/empty, or adding allowed annotation for the method. [DesignForExtension]
[ERROR] F:\ADS2\6023_ADS2\ADS2-assignments\md2\testing_percolation\graph.java:22:16: Name 'E' must match pattern '^[a-z][a-zA-Z0-9]*$'. [MethodName]
[ERROR] F:\ADS2\6023_ADS2\ADS2-assignments\md2\testing_percolation\graph.java:22:20: '{' at column 20 should have line break after. [LeftCurly]
[ERROR] F:\ADS2\6023_ADS2\ADS2-assignments\md2\testing_percolation\graph.java:26:5: Class 'graph' looks like designed for extension (can be subclassed), but the method 'addEdge' does not have javadoc that explains how to do that safely. If class is not designed for extension consider making the class 'graph' final or making the method 'addEdge' static/final/abstract/empty, or adding allowed annotation for the method. [DesignForExtension]
[ERROR] F:\ADS2\6023_ADS2\ADS2-assignments\md2\testing_percolation\graph.java:26:5: Missing a Javadoc comment. [JavadocMethod]
[ERROR] F:\ADS2\6023_ADS2\ADS2-assignments\md2\testing_percolation\graph.java:26:25: Parameter v should be final. [FinalParameters]
[ERROR] F:\ADS2\6023_ADS2\ADS2-assignments\md2\testing_percolation\graph.java:26:32: Parameter w should be final. [FinalParameters]
[ERROR] F:\ADS2\6023_ADS2\ADS2-assignments\md2\testing_percolation\graph.java:27: 'if' construct must use '{}'s. [NeedBraces]
[ERROR] F:\ADS2\6023_ADS2\ADS2-assignments\md2\testing_percolation\graph.java:33:5: Class 'graph' looks like designed for extension (can be subclassed), but the method 'contains' does not have javadoc that explains how to do that safely. If class is not designed for extension consider making the class 'graph' final or making the method 'contains' static/final/abstract/empty, or adding allowed annotation for the method. [DesignForExtension]
[ERROR] F:\ADS2\6023_ADS2\ADS2-assignments\md2\testing_percolation\graph.java:33:5: Missing a Javadoc comment. [JavadocMethod]
[ERROR] F:\ADS2\6023_ADS2\ADS2-assignments\md2\testing_percolation\graph.java:33:29: Parameter v should be final. [FinalParameters]
[ERROR] F:\ADS2\6023_ADS2\ADS2-assignments\md2\testing_percolation\graph.java:33:36: Parameter w should be final. [FinalParameters]
[ERROR] F:\ADS2\6023_ADS2\ADS2-assignments\md2\testing_percolation\graph.java:38:5: Class 'graph' looks like designed for extension (can be subclassed), but the method 'adj' does not have javadoc that explains how to do that safely. If class is not designed for extension consider making the class 'graph' final or making the method 'adj' static/final/abstract/empty, or adding allowed annotation for the method. [DesignForExtension]
[ERROR] F:\ADS2\6023_ADS2\ADS2-assignments\md2\testing_percolation\graph.java:38:5: Missing a Javadoc comment. [JavadocMethod]
[ERROR] F:\ADS2\6023_ADS2\ADS2-assignments\md2\testing_percolation\graph.java:38:34: Parameter v should be final. [FinalParameters]
[ERROR] F:\ADS2\6023_ADS2\ADS2-assignments\md2\testing_percolation\graph.java:43: Missing a Javadoc comment. [JavadocType]
[ERROR] F:\ADS2\6023_ADS2\ADS2-assignments\md2\testing_percolation\graph.java:44:9: Missing a Javadoc comment. [JavadocVariable]
[ERROR] F:\ADS2\6023_ADS2\ADS2-assignments\md2\testing_percolation\graph.java:45:9: Missing a Javadoc comment. [JavadocVariable]
[ERROR] F:\ADS2\6023_ADS2\ADS2-assignments\md2\testing_percolation\graph.java:47:9: Missing a Javadoc comment. [JavadocMethod]
[ERROR] F:\ADS2\6023_ADS2\ADS2-assignments\md2\testing_percolation\graph.java:47:21: Parameter v should be final. [FinalParameters]
[ERROR] F:\ADS2\6023_ADS2\ADS2-assignments\md2\testing_percolation\graph.java:47:25: 'v' hides a field. [HiddenField]
[ERROR] F:\ADS2\6023_ADS2\ADS2-assignments\md2\testing_percolation\graph.java:51:9: Missing a Javadoc comment. [JavadocMethod]
[ERROR] F:\ADS2\6023_ADS2\ADS2-assignments\md2\testing_percolation\graph.java:55:9: Missing a Javadoc comment. [JavadocMethod]
[ERROR] F:\ADS2\6023_ADS2\ADS2-assignments\md2\testing_percolation\graph.java:57: 'if' construct must use '{}'s. [NeedBraces]
[ERROR] F:\ADS2\6023_ADS2\ADS2-assignments\md2\testing_percolation\graph.java:63:9: Missing a Javadoc comment. [JavadocMethod]
[ERROR] F:\ADS2\6023_ADS2\ADS2-assignments\md2\testing_percolation\graph.java:70:9: Missing a Javadoc comment. [JavadocMethod]
[ERROR] F:\ADS2\6023_ADS2\ADS2-assignments\md2\testing_percolation\graph.java:77:5: Class 'graph' looks like designed for extension (can be subclassed), but the method 'toString' does not have javadoc that explains how to do that safely. If class is not designed for extension consider making the class 'graph' final or making the method 'toString' static/final/abstract/empty, or adding allowed annotation for the method. [DesignForExtension]
[ERROR] F:\ADS2\6023_ADS2\ADS2-assignments\md2\testing_percolation\graph.java:77:5: Missing a Javadoc comment. [JavadocMethod]
Audit done.
Checkstyle ends with 44 errors.
Starting audit...
[ERROR] F:\ADS2\6023_ADS2\ADS2-assignments\md2\testing_percolation\Solution.java:1: Using the '.*' form of import should be avoided - java.util.*. [AvoidStarImport]
[ERROR] F:\ADS2\6023_ADS2\ADS2-assignments\md2\testing_percolation\Solution.java:2: Missing a Javadoc comment. [JavadocType]
[ERROR] F:\ADS2\6023_ADS2\ADS2-assignments\md2\testing_percolation\Solution.java:2:1: Utility classes should not have a public or default constructor. [HideUtilityClassConstructor]
[ERROR] F:\ADS2\6023_ADS2\ADS2-assignments\md2\testing_percolation\Solution.java:2:15: '{' is not preceded with whitespace. [WhitespaceAround]
[ERROR] F:\ADS2\6023_ADS2\ADS2-assignments\md2\testing_percolation\Solution.java:3:1: File contains tab characters (this is the first instance). [FileTabCharacter]
[ERROR] F:\ADS2\6023_ADS2\ADS2-assignments\md2\testing_percolation\Solution.java:3:9: Missing a Javadoc comment. [JavadocVariable]
[ERROR] F:\ADS2\6023_ADS2\ADS2-assignments\md2\testing_percolation\Solution.java:3:20: Name 'V' must match pattern '^[a-z][a-zA-Z0-9]*$'. [StaticVariableName]
[ERROR] F:\ADS2\6023_ADS2\ADS2-assignments\md2\testing_percolation\Solution.java:3:20: Variable 'V' must be private and have accessor methods. [VisibilityModifier]
[ERROR] F:\ADS2\6023_ADS2\ADS2-assignments\md2\testing_percolation\Solution.java:4:9: Missing a Javadoc comment. [JavadocMethod]
[ERROR] F:\ADS2\6023_ADS2\ADS2-assignments\md2\testing_percolation\Solution.java:4:34: Parameter grid should be final. [FinalParameters]
[ERROR] F:\ADS2\6023_ADS2\ADS2-assignments\md2\testing_percolation\Solution.java:4:50: ',' is preceded with whitespace. [NoWhitespaceBefore]
[ERROR] F:\ADS2\6023_ADS2\ADS2-assignments\md2\testing_percolation\Solution.java:4:52: ',' is not followed by whitespace. [WhitespaceAfter]
[ERROR] F:\ADS2\6023_ADS2\ADS2-assignments\md2\testing_percolation\Solution.java:4:52: Parameter gr should be final. [FinalParameters]
[ERROR] F:\ADS2\6023_ADS2\ADS2-assignments\md2\testing_percolation\Solution.java:4:61: '{' is not preceded with whitespace. [WhitespaceAround]
[ERROR] F:\ADS2\6023_ADS2\ADS2-assignments\md2\testing_percolation\Solution.java:5:20: 'for' is not followed by whitespace. [WhitespaceAfter]
[ERROR] F:\ADS2\6023_ADS2\ADS2-assignments\md2\testing_percolation\Solution.java:5:30: ';' is preceded with whitespace. [NoWhitespaceBefore]
[ERROR] F:\ADS2\6023_ADS2\ADS2-assignments\md2\testing_percolation\Solution.java:5:38: ';' is preceded with whitespace. [NoWhitespaceBefore]
[ERROR] F:\ADS2\6023_ADS2\ADS2-assignments\md2\testing_percolation\Solution.java:5:45: '{' is not preceded with whitespace. [WhitespaceAround]
[ERROR] F:\ADS2\6023_ADS2\ADS2-assignments\md2\testing_percolation\Solution.java:6:28: 'for' is not followed by whitespace. [WhitespaceAfter]
[ERROR] F:\ADS2\6023_ADS2\ADS2-assignments\md2\testing_percolation\Solution.java:6:38: ';' is preceded with whitespace. [NoWhitespaceBefore]
[ERROR] F:\ADS2\6023_ADS2\ADS2-assignments\md2\testing_percolation\Solution.java:6:52: '{' is not preceded with whitespace. [WhitespaceAround]
[ERROR] F:\ADS2\6023_ADS2\ADS2-assignments\md2\testing_percolation\Solution.java:7:35: 'if' is not followed by whitespace. [WhitespaceAfter]
[ERROR] F:\ADS2\6023_ADS2\ADS2-assignments\md2\testing_percolation\Solution.java:9:59: ',' is not followed by whitespace. [WhitespaceAfter]
[ERROR] F:\ADS2\6023_ADS2\ADS2-assignments\md2\testing_percolation\Solution.java:10: 'if' construct must use '{}'s. [NeedBraces]
[ERROR] F:\ADS2\6023_ADS2\ADS2-assignments\md2\testing_percolation\Solution.java:10:43: 'if' is not followed by whitespace. [WhitespaceAfter]
[ERROR] F:\ADS2\6023_ADS2\ADS2-assignments\md2\testing_percolation\Solution.java:10:66: ',' is preceded with whitespace. [NoWhitespaceBefore]
[ERROR] F:\ADS2\6023_ADS2\ADS2-assignments\md2\testing_percolation\Solution.java:11: 'if' construct must use '{}'s. [NeedBraces]
[ERROR] F:\ADS2\6023_ADS2\ADS2-assignments\md2\testing_percolation\Solution.java:11: Line is longer than 80 characters (found 82). [LineLength]
[ERROR] F:\ADS2\6023_ADS2\ADS2-assignments\md2\testing_percolation\Solution.java:11:43: 'if' is not followed by whitespace. [WhitespaceAfter]
[ERROR] F:\ADS2\6023_ADS2\ADS2-assignments\md2\testing_percolation\Solution.java:11:69: ',' is preceded with whitespace. [NoWhitespaceBefore]
[ERROR] F:\ADS2\6023_ADS2\ADS2-assignments\md2\testing_percolation\Solution.java:12: 'if' construct must use '{}'s. [NeedBraces]
[ERROR] F:\ADS2\6023_ADS2\ADS2-assignments\md2\testing_percolation\Solution.java:12: Line is longer than 80 characters (found 102). [LineLength]
[ERROR] F:\ADS2\6023_ADS2\ADS2-assignments\md2\testing_percolation\Solution.java:12:43: 'if' is not followed by whitespace. [WhitespaceAfter]
[ERROR] F:\ADS2\6023_ADS2\ADS2-assignments\md2\testing_percolation\Solution.java:12:64: '-' is not preceded with whitespace. [WhitespaceAround]
[ERROR] F:\ADS2\6023_ADS2\ADS2-assignments\md2\testing_percolation\Solution.java:12:65: '-' is not followed by whitespace. [WhitespaceAround]
[ERROR] F:\ADS2\6023_ADS2\ADS2-assignments\md2\testing_percolation\Solution.java:12:86: ',' is preceded with whitespace. [NoWhitespaceBefore]
[ERROR] F:\ADS2\6023_ADS2\ADS2-assignments\md2\testing_percolation\Solution.java:12:96: '-' is not preceded with whitespace. [WhitespaceAround]
[ERROR] F:\ADS2\6023_ADS2\ADS2-assignments\md2\testing_percolation\Solution.java:12:97: '-' is not followed by whitespace. [WhitespaceAround]
[ERROR] F:\ADS2\6023_ADS2\ADS2-assignments\md2\testing_percolation\Solution.java:12:99: ',' is not followed by whitespace. [WhitespaceAfter]
[ERROR] F:\ADS2\6023_ADS2\ADS2-assignments\md2\testing_percolation\Solution.java:13: 'if' construct must use '{}'s. [NeedBraces]
[ERROR] F:\ADS2\6023_ADS2\ADS2-assignments\md2\testing_percolation\Solution.java:13: Line is longer than 80 characters (found 102). [LineLength]
[ERROR] F:\ADS2\6023_ADS2\ADS2-assignments\md2\testing_percolation\Solution.java:13:43: 'if' is not followed by whitespace. [WhitespaceAfter]
[ERROR] F:\ADS2\6023_ADS2\ADS2-assignments\md2\testing_percolation\Solution.java:13:64: '+' is not preceded with whitespace. [WhitespaceAround]
[ERROR] F:\ADS2\6023_ADS2\ADS2-assignments\md2\testing_percolation\Solution.java:13:65: '+' is not followed by whitespace. [WhitespaceAround]
[ERROR] F:\ADS2\6023_ADS2\ADS2-assignments\md2\testing_percolation\Solution.java:13:86: ',' is preceded with whitespace. [NoWhitespaceBefore]
[ERROR] F:\ADS2\6023_ADS2\ADS2-assignments\md2\testing_percolation\Solution.java:13:96: '+' is not preceded with whitespace. [WhitespaceAround]
[ERROR] F:\ADS2\6023_ADS2\ADS2-assignments\md2\testing_percolation\Solution.java:13:97: '+' is not followed by whitespace. [WhitespaceAround]
[ERROR] F:\ADS2\6023_ADS2\ADS2-assignments\md2\testing_percolation\Solution.java:13:99: ',' is not followed by whitespace. [WhitespaceAfter]
[ERROR] F:\ADS2\6023_ADS2\ADS2-assignments\md2\testing_percolation\Solution.java:14: 'if' construct must use '{}'s. [NeedBraces]
[ERROR] F:\ADS2\6023_ADS2\ADS2-assignments\md2\testing_percolation\Solution.java:14: Line is longer than 80 characters (found 106). [LineLength]
[ERROR] F:\ADS2\6023_ADS2\ADS2-assignments\md2\testing_percolation\Solution.java:14:43: 'if' is not followed by whitespace. [WhitespaceAfter]
[ERROR] F:\ADS2\6023_ADS2\ADS2-assignments\md2\testing_percolation\Solution.java:14:88: ',' is preceded with whitespace. [NoWhitespaceBefore]
[ERROR] F:\ADS2\6023_ADS2\ADS2-assignments\md2\testing_percolation\Solution.java:14:99: ',' is not followed by whitespace. [WhitespaceAfter]
[ERROR] F:\ADS2\6023_ADS2\ADS2-assignments\md2\testing_percolation\Solution.java:15: 'if' construct must use '{}'s. [NeedBraces]
[ERROR] F:\ADS2\6023_ADS2\ADS2-assignments\md2\testing_percolation\Solution.java:15: Line is longer than 80 characters (found 104). [LineLength]
[ERROR] F:\ADS2\6023_ADS2\ADS2-assignments\md2\testing_percolation\Solution.java:15:43: 'if' is not followed by whitespace. [WhitespaceAfter]
[ERROR] F:\ADS2\6023_ADS2\ADS2-assignments\md2\testing_percolation\Solution.java:15:87: ',' is preceded with whitespace. [NoWhitespaceBefore]
[ERROR] F:\ADS2\6023_ADS2\ADS2-assignments\md2\testing_percolation\Solution.java:15:98: ',' is not followed by whitespace. [WhitespaceAfter]
[ERROR] F:\ADS2\6023_ADS2\ADS2-assignments\md2\testing_percolation\Solution.java:15:99: '+' is not preceded with whitespace. [WhitespaceAround]
[ERROR] F:\ADS2\6023_ADS2\ADS2-assignments\md2\testing_percolation\Solution.java:23:9: Missing a Javadoc comment. [JavadocMethod]
[ERROR] F:\ADS2\6023_ADS2\ADS2-assignments\md2\testing_percolation\Solution.java:23:26: Parameter i should be final. [FinalParameters]
[ERROR] F:\ADS2\6023_ADS2\ADS2-assignments\md2\testing_percolation\Solution.java:23:31: ',' is preceded with whitespace. [NoWhitespaceBefore]
[ERROR] F:\ADS2\6023_ADS2\ADS2-assignments\md2\testing_percolation\Solution.java:23:34: Parameter j should be final. [FinalParameters]
[ERROR] F:\ADS2\6023_ADS2\ADS2-assignments\md2\testing_percolation\Solution.java:23:40: '{' is not preceded with whitespace. [WhitespaceAround]
[ERROR] F:\ADS2\6023_ADS2\ADS2-assignments\md2\testing_percolation\Solution.java:27:9: Missing a Javadoc comment. [JavadocMethod]
[ERROR] F:\ADS2\6023_ADS2\ADS2-assignments\md2\testing_percolation\Solution.java:27:33: Parameter args should be final. [FinalParameters]
[ERROR] F:\ADS2\6023_ADS2\ADS2-assignments\md2\testing_percolation\Solution.java:33:20: 'try' is not followed by whitespace. [WhitespaceAround]
[ERROR] F:\ADS2\6023_ADS2\ADS2-assignments\md2\testing_percolation\Solution.java:33:20: '{' is not preceded with whitespace. [WhitespaceAround]
[ERROR] F:\ADS2\6023_ADS2\ADS2-assignments\md2\testing_percolation\Solution.java:34:30: 'while' is not followed by whitespace. [WhitespaceAfter]
[ERROR] F:\ADS2\6023_ADS2\ADS2-assignments\md2\testing_percolation\Solution.java:34:36: '{' is not preceded with whitespace. [WhitespaceAround]
[ERROR] F:\ADS2\6023_ADS2\ADS2-assignments\md2\testing_percolation\Solution.java:36:41: '-' is not preceded with whitespace. [WhitespaceAround]
[ERROR] F:\ADS2\6023_ADS2\ADS2-assignments\md2\testing_percolation\Solution.java:36:42: '-' is not followed by whitespace. [WhitespaceAround]
[ERROR] F:\ADS2\6023_ADS2\ADS2-assignments\md2\testing_percolation\Solution.java:36:48: '-' is not preceded with whitespace. [WhitespaceAround]
[ERROR] F:\ADS2\6023_ADS2\ADS2-assignments\md2\testing_percolation\Solution.java:36:49: '-' is not followed by whitespace. [WhitespaceAround]
[ERROR] F:\ADS2\6023_ADS2\ADS2-assignments\md2\testing_percolation\Solution.java:38:18: 'catch' is not preceded with whitespace. [WhitespaceAround]
[ERROR] F:\ADS2\6023_ADS2\ADS2-assignments\md2\testing_percolation\Solution.java:38:18: '}' is not followed by whitespace. [WhitespaceAround]
[ERROR] F:\ADS2\6023_ADS2\ADS2-assignments\md2\testing_percolation\Solution.java:38:23: 'catch' is not followed by whitespace. [WhitespaceAround]
[ERROR] F:\ADS2\6023_ADS2\ADS2-assignments\md2\testing_percolation\Solution.java:38:36: '{' is not preceded with whitespace. [WhitespaceAround]
[ERROR] F:\ADS2\6023_ADS2\ADS2-assignments\md2\testing_percolation\Solution.java:39:18: 'finally' is not preceded with whitespace. [WhitespaceAround]
[ERROR] F:\ADS2\6023_ADS2\ADS2-assignments\md2\testing_percolation\Solution.java:39:18: '}' is not followed by whitespace. [WhitespaceAround]
[ERROR] F:\ADS2\6023_ADS2\ADS2-assignments\md2\testing_percolation\Solution.java:39:25: 'finally' is not followed by whitespace. [WhitespaceAround]
[ERROR] F:\ADS2\6023_ADS2\ADS2-assignments\md2\testing_percolation\Solution.java:39:25: '{' is not preceded with whitespace. [WhitespaceAround]
Audit done.
Checkstyle ends with 82 errors.
